[2017-10-10 21:32:58.454] [INFO] pomelo - [32m[/home/duoyi/server/pomelo/HelloWorld/game-server/node_modules/pomelo/lib/application.js] [39mapplication inited: "connector-server-1"
[2017-10-10 21:32:58.894] [INFO] pomelo - [32m[/home/duoyi/server/pomelo/HelloWorld/game-server/node_modules/pomelo/lib/application.js] [39m"connector-server-1" enter after start...
[2017-10-10 21:32:58.912] [INFO] pomelo - [32m[/home/duoyi/server/pomelo/HelloWorld/game-server/node_modules/pomelo/lib/application.js] [39m"connector-server-1" finish start
[2017-10-10 21:32:58.913] [INFO] pomelo - [32m[/home/duoyi/server/pomelo/HelloWorld/game-server/node_modules/pomelo/lib/application.js] [39m"connector-server-1" startup in 408 ms
[2017-10-10 21:33:57.998] [DEBUG] pomelo - [36m[/home/duoyi/server/pomelo/HelloWorld/game-server/node_modules/pomelo/lib/components/connector.js] [39m[connector-server-1] getSession session is created with session id: 1
[2017-10-10 21:33:58.020] [DEBUG] pomelo - [36m[/home/duoyi/server/pomelo/HelloWorld/game-server/node_modules/pomelo/lib/components/connector.js] [39m[connector-server-1] handleMessage session id: 1, msg: {"id":1,"type":0,"compressRoute":0,"route":"connector.entryHandler.entry","body":"hello pomelo","compressGzip":0}
[2017-10-10 21:33:58.024] [DEBUG] pomelo - [36m[/home/duoyi/server/pomelo/HelloWorld/game-server/node_modules/pomelo/lib/components/connector.js] [39m[connector-server-1] send message reqId: 1, route: connector.entryHandler.entry, msg: {"code":200,"msg":"game server is ok."}, receivers: [1], opts: {"type":"response","userOptions":{},"isResponse":true}
[2017-10-10 21:34:04.021] [INFO] pomelo - [32m[/home/duoyi/server/pomelo/HelloWorld/game-server/node_modules/pomelo/lib/connectors/commands/heartbeat.js] [39mclient 1 heartbeat timeout.
[2017-10-10 21:34:04.021] [DEBUG] pomelo - [36m[/home/duoyi/server/pomelo/HelloWorld/game-server/node_modules/pomelo/lib/common/service/sessionService.js] [39msession on [connector-server-1] is closed with session id: 1
[2017-10-10 21:39:09.032] [DEBUG] pomelo - [36m[/home/duoyi/server/pomelo/HelloWorld/game-server/node_modules/pomelo/lib/components/connector.js] [39m[connector-server-1] getSession session is created with session id: 2
[2017-10-10 21:39:09.046] [DEBUG] pomelo - [36m[/home/duoyi/server/pomelo/HelloWorld/game-server/node_modules/pomelo/lib/components/connector.js] [39m[connector-server-1] handleMessage session id: 2, msg: {"id":2,"type":0,"compressRoute":0,"route":"connector.entryHandler.entry","body":"hello pomelo","compressGzip":0}
[2017-10-10 21:39:09.048] [DEBUG] pomelo - [36m[/home/duoyi/server/pomelo/HelloWorld/game-server/node_modules/pomelo/lib/components/connector.js] [39m[connector-server-1] send message reqId: 2, route: connector.entryHandler.entry, msg: {"code":200,"msg":"game server is ok."}, receivers: [2], opts: {"type":"response","userOptions":{},"isResponse":true}
[2017-10-10 21:40:09.849] [DEBUG] pomelo - [36m[/home/duoyi/server/pomelo/HelloWorld/game-server/node_modules/pomelo/lib/components/connector.js] [39m[connector-server-1] getSession session is created with session id: 3
[2017-10-10 21:40:09.855] [DEBUG] pomelo - [36m[/home/duoyi/server/pomelo/HelloWorld/game-server/node_modules/pomelo/lib/components/connector.js] [39m[connector-server-1] handleMessage session id: 3, msg: {"id":3,"type":0,"compressRoute":0,"route":"connector.entryHandler.entry","body":"hello pomelo","compressGzip":0}
[2017-10-10 21:40:09.855] [DEBUG] pomelo - [36m[/home/duoyi/server/pomelo/HelloWorld/game-server/node_modules/pomelo/lib/components/connector.js] [39m[connector-server-1] send message reqId: 3, route: connector.entryHandler.entry, msg: {"code":200,"msg":"game server is ok."}, receivers: [3], opts: {"type":"response","userOptions":{},"isResponse":true}
[2017-10-10 21:40:13.329] [DEBUG] pomelo - [36m[/home/duoyi/server/pomelo/HelloWorld/game-server/node_modules/pomelo/lib/components/connector.js] [39m[connector-server-1] getSession session is created with session id: 4
[2017-10-10 21:40:13.337] [DEBUG] pomelo - [36m[/home/duoyi/server/pomelo/HelloWorld/game-server/node_modules/pomelo/lib/components/connector.js] [39m[connector-server-1] handleMessage session id: 4, msg: {"id":4,"type":0,"compressRoute":0,"route":"connector.entryHandler.entry","body":"hello pomelo","compressGzip":0}
[2017-10-10 21:40:13.337] [DEBUG] pomelo - [36m[/home/duoyi/server/pomelo/HelloWorld/game-server/node_modules/pomelo/lib/components/connector.js] [39m[connector-server-1] send message reqId: 4, route: connector.entryHandler.entry, msg: {"code":200,"msg":"game server is ok."}, receivers: [4], opts: {"type":"response","userOptions":{},"isResponse":true}
[2017-10-10 21:40:15.335] [INFO] pomelo - [32m[/home/duoyi/server/pomelo/HelloWorld/game-server/node_modules/pomelo/lib/connectors/commands/heartbeat.js] [39mclient 2 heartbeat timeout.
[2017-10-10 21:40:15.336] [DEBUG] pomelo - [36m[/home/duoyi/server/pomelo/HelloWorld/game-server/node_modules/pomelo/lib/common/service/sessionService.js] [39msession on [connector-server-1] is closed with session id: 2
[2017-10-10 21:40:15.856] [INFO] pomelo - [32m[/home/duoyi/server/pomelo/HelloWorld/game-server/node_modules/pomelo/lib/connectors/commands/heartbeat.js] [39mclient 3 heartbeat timeout.
[2017-10-10 21:40:15.856] [DEBUG] pomelo - [36m[/home/duoyi/server/pomelo/HelloWorld/game-server/node_modules/pomelo/lib/common/service/sessionService.js] [39msession on [connector-server-1] is closed with session id: 3
[2017-10-10 21:40:19.002] [DEBUG] pomelo - [36m[/home/duoyi/server/pomelo/HelloWorld/game-server/node_modules/pomelo/lib/components/connector.js] [39m[connector-server-1] getSession session is created with session id: 5
[2017-10-10 21:40:19.012] [DEBUG] pomelo - [36m[/home/duoyi/server/pomelo/HelloWorld/game-server/node_modules/pomelo/lib/components/connector.js] [39m[connector-server-1] handleMessage session id: 5, msg: {"id":5,"type":0,"compressRoute":0,"route":"connector.entryHandler.entry","body":"hello pomelo","compressGzip":0}
[2017-10-10 21:40:19.013] [DEBUG] pomelo - [36m[/home/duoyi/server/pomelo/HelloWorld/game-server/node_modules/pomelo/lib/components/connector.js] [39m[connector-server-1] send message reqId: 5, route: connector.entryHandler.entry, msg: {"code":200,"msg":"game server is ok."}, receivers: [5], opts: {"type":"response","userOptions":{},"isResponse":true}
[2017-10-10 21:40:24.151] [INFO] pomelo - [32m[/home/duoyi/server/pomelo/HelloWorld/game-server/node_modules/pomelo/lib/connectors/commands/heartbeat.js] [39mclient 4 heartbeat timeout.
[2017-10-10 21:40:24.151] [DEBUG] pomelo - [36m[/home/duoyi/server/pomelo/HelloWorld/game-server/node_modules/pomelo/lib/common/service/sessionService.js] [39msession on [connector-server-1] is closed with session id: 4
[2017-10-10 21:40:27.022] [DEBUG] pomelo - [36m[/home/duoyi/server/pomelo/HelloWorld/game-server/node_modules/pomelo/lib/components/connector.js] [39m[connector-server-1] getSession session is created with session id: 6
[2017-10-10 21:40:27.029] [DEBUG] pomelo - [36m[/home/duoyi/server/pomelo/HelloWorld/game-server/node_modules/pomelo/lib/components/connector.js] [39m[connector-server-1] handleMessage session id: 6, msg: {"id":6,"type":0,"compressRoute":0,"route":"connector.entryHandler.entry","body":"hello pomelo","compressGzip":0}
[2017-10-10 21:40:27.030] [DEBUG] pomelo - [36m[/home/duoyi/server/pomelo/HelloWorld/game-server/node_modules/pomelo/lib/components/connector.js] [39m[connector-server-1] send message reqId: 6, route: connector.entryHandler.entry, msg: {"code":200,"msg":"game server is ok."}, receivers: [6], opts: {"type":"response","userOptions":{},"isResponse":true}
[2017-10-10 21:40:30.100] [INFO] pomelo - [32m[/home/duoyi/server/pomelo/HelloWorld/game-server/node_modules/pomelo/lib/connectors/commands/heartbeat.js] [39mclient 5 heartbeat timeout.
[2017-10-10 21:40:30.100] [DEBUG] pomelo - [36m[/home/duoyi/server/pomelo/HelloWorld/game-server/node_modules/pomelo/lib/common/service/sessionService.js] [39msession on [connector-server-1] is closed with session id: 5
[2017-10-10 21:40:36.894] [DEBUG] pomelo - [36m[/home/duoyi/server/pomelo/HelloWorld/game-server/node_modules/pomelo/lib/common/service/sessionService.js] [39msession on [connector-server-1] is closed with session id: 6
